# JRE version: OpenJDK Runtime Environment Temurin-17.0.4+8 (17.0.4+8) (build 17.0.4+8)
# Java VM: OpenJDK 64-Bit Server VM Temurin-17.0.4+8 (17.0.4+8, mixed mode, tiered, compressed oops, compressed class ptrs, g1 gc, windows-amd64)
GC Precious Log:
 CPUs: 20 total, 20 available
 Memory: 16074M
 Large Page Support: Disabled
 NUMA Support: Disabled
 Compressed Oops: Enabled (Zero based)
 Heap Region Size: 2M
 Heap Min Capacity: 8M
 Heap Initial Capacity: 252M
 Heap Max Capacity: 4020M
 Pre-touch: Disabled
 Parallel Workers: 15
 Concurrent Workers: 4
 Concurrent Refinement Workers: 15
 Periodic GC: Disabled
Heap:
 garbage-first heap   total 501760K, used 270661K [0x0000000704c00000, 0x0000000800000000)
  region size 2048K, 2 young (4096K), 2 survivors (4096K)
 Metaspace       used 16044K, committed 16256K, reserved 1064960K
  class space    used 1831K, committed 1920K, reserved 1048576K
GC Heap History (20 events):
Event: 0.754 GC heap after
{Heap after GC invocations=6 (full 0):
 garbage-first heap   total 258048K, used 143484K [0x0000000704c00000, 0x0000000800000000)
  region size 2048K, 2 young (4096K), 2 survivors (4096K)
 Metaspace       used 16044K, committed 16256K, reserved 1064960K
  class space    used 1831K, committed 1920K, reserved 1048576K
}
Event: 0.758 GC heap before
{Heap before GC invocations=7 (full 0):
 garbage-first heap   total 258048K, used 151676K [0x0000000704c00000, 0x0000000800000000)
  region size 2048K, 3 young (6144K), 2 survivors (4096K)
 Metaspace       used 16044K, committed 16256K, reserved 1064960K
  class space    used 1831K, committed 1920K, reserved 1048576K
}
Event: 0.759 GC heap after
{Heap after GC invocations=8 (full 0):
 garbage-first heap   total 258048K, used 152346K [0x0000000704c00000, 0x0000000800000000)
  region size 2048K, 2 young (4096K), 2 survivors (4096K)
 Metaspace       used 16044K, committed 16256K, reserved 1064960K
  class space    used 1831K, committed 1920K, reserved 1048576K
}
Event: 0.763 GC heap before
{Heap before GC invocations=9 (full 0):
 garbage-first heap   total 266240K, used 160538K [0x0000000704c00000, 0x0000000800000000)
  region size 2048K, 3 young (6144K), 2 survivors (4096K)
 Metaspace       used 16044K, committed 16256K, reserved 1064960K
  class space    used 1831K, committed 1920K, reserved 1048576K
}
Event: 0.764 GC heap after
{Heap after GC invocations=10 (full 0):
 garbage-first heap   total 346112K, used 159957K [0x0000000704c00000, 0x0000000800000000)
  region size 2048K, 2 young (4096K), 2 survivors (4096K)
 Metaspace       used 16044K, committed 16256K, reserved 1064960K
  class space    used 1831K, committed 1920K, reserved 1048576K
}
Event: 0.769 GC heap before
{Heap before GC invocations=11 (full 0):
 garbage-first heap   total 346112K, used 168149K [0x0000000704c00000, 0x0000000800000000)
  region size 2048K, 3 young (6144K), 2 survivors (4096K)
 Metaspace       used 16044K, committed 16256K, reserved 1064960K
  class space    used 1831K, committed 1920K, reserved 1048576K
}
Event: 0.770 GC heap after
{Heap after GC invocations=12 (full 0):
 garbage-first heap   total 346112K, used 168804K [0x0000000704c00000, 0x0000000800000000)
  region size 2048K, 2 young (4096K), 2 survivors (4096K)
 Metaspace       used 16044K, committed 16256K, reserved 1064960K
  class space    used 1831K, committed 1920K, reserved 1048576K
}
Event: 0.775 GC heap before
{Heap before GC invocations=13 (full 0):
 garbage-first heap   total 346112K, used 176996K [0x0000000704c00000, 0x0000000800000000)
  region size 2048K, 3 young (6144K), 2 survivors (4096K)
 Metaspace       used 16044K, committed 16256K, reserved 1064960K
  class space    used 1831K, committed 1920K, reserved 1048576K
}
Event: 0.777 GC heap after
{Heap after GC invocations=14 (full 0):
 garbage-first heap   total 346112K, used 176310K [0x0000000704c00000, 0x0000000800000000)
  region size 2048K, 2 young (4096K), 2 survivors (4096K)
 Metaspace       used 16044K, committed 16256K, reserved 1064960K
  class space    used 1831K, committed 1920K, reserved 1048576K
}
Event: 0.781 GC heap before
{Heap before GC invocations=15 (full 0):
 garbage-first heap   total 346112K, used 184502K [0x0000000704c00000, 0x0000000800000000)
  region size 2048K, 3 young (6144K), 2 survivors (4096K)
 Metaspace       used 16044K, committed 16256K, reserved 1064960K
  class space    used 1831K, committed 1920K, reserved 1048576K
}
Event: 0.782 GC heap after
{Heap after GC invocations=16 (full 0):
 garbage-first heap   total 346112K, used 184433K [0x0000000704c00000, 0x0000000800000000)
  region size 2048K, 2 young (4096K), 2 survivors (4096K)
 Metaspace       used 16044K, committed 16256K, reserved 1064960K
  class space    used 1831K, committed 1920K, reserved 1048576K
}
Event: 0.787 GC heap before
{Heap before GC invocations=17 (full 0):
 garbage-first heap   total 346112K, used 194673K [0x0000000704c00000, 0x0000000800000000)
  region size 2048K, 3 young (6144K), 2 survivors (4096K)
 Metaspace       used 16044K, committed 16256K, reserved 1064960K
  class space    used 1831K, committed 1920K, reserved 1048576K
}
Event: 0.789 GC heap after
{Heap after GC invocations=18 (full 0):
 garbage-first heap   total 501760K, used 194866K [0x0000000704c00000, 0x0000000800000000)
  region size 2048K, 2 young (4096K), 2 survivors (4096K)
 Metaspace       used 16044K, committed 16256K, reserved 1064960K
  class space    used 1831K, committed 1920K, reserved 1048576K
}
Event: 0.799 GC heap before
{Heap before GC invocations=18 (full 0):
 garbage-first heap   total 501760K, used 227634K [0x0000000704c00000, 0x0000000800000000)
  region size 2048K, 3 young (6144K), 2 survivors (4096K)
 Metaspace       used 16044K, committed 16256K, reserved 1064960K
  class space    used 1831K, committed 1920K, reserved 1048576K
}
Event: 0.801 GC heap after
{Heap after GC invocations=19 (full 0):
 garbage-first heap   total 501760K, used 227498K [0x0000000704c00000, 0x0000000800000000)
  region size 2048K, 2 young (4096K), 2 survivors (4096K)
 Metaspace       used 16044K, committed 16256K, reserved 1064960K
  class space    used 1831K, committed 1920K, reserved 1048576K
}
Event: 0.801 GC heap before
{Heap before GC invocations=19 (full 0):
 garbage-first heap   total 501760K, used 229546K [0x0000000704c00000, 0x0000000800000000)
  region size 2048K, 3 young (6144K), 2 survivors (4096K)
 Metaspace       used 16044K, committed 16256K, reserved 1064960K
  class space    used 1831K, committed 1920K, reserved 1048576K
}
Event: 0.803 GC heap after
{Heap after GC invocations=20 (full 0):
 garbage-first heap   total 501760K, used 229807K [0x0000000704c00000, 0x0000000800000000)
  region size 2048K, 2 young (4096K), 2 survivors (4096K)
 Metaspace       used 16044K, committed 16256K, reserved 1064960K
  class space    used 1831K, committed 1920K, reserved 1048576K
}
Event: 0.807 GC heap before
{Heap before GC invocations=21 (full 0):
 garbage-first heap   total 501760K, used 254383K [0x0000000704c00000, 0x0000000800000000)
  region size 2048K, 3 young (6144K), 2 survivors (4096K)
 Metaspace       used 16044K, committed 16256K, reserved 1064960K
  class space    used 1831K, committed 1920K, reserved 1048576K
}
Event: 0.808 GC heap after
{Heap after GC invocations=22 (full 0):
 garbage-first heap   total 501760K, used 254137K [0x0000000704c00000, 0x0000000800000000)
  region size 2048K, 2 young (4096K), 2 survivors (4096K)
 Metaspace       used 16044K, committed 16256K, reserved 1064960K
  class space    used 1831K, committed 1920K, reserved 1048576K
}
Event: 0.812 GC heap before
{Heap before GC invocations=23 (full 0):
 garbage-first heap   total 501760K, used 270521K [0x0000000704c00000, 0x0000000800000000)
  region size 2048K, 3 young (6144K), 2 survivors (4096K)
 Metaspace       used 16044K, committed 16256K, reserved 1064960K
  class space    used 1831K, committed 1920K, reserved 1048576K
}

